build/app/intermediates/manifest_merge_blame_file/debug/manifest-merger-blame-debug-report.txt
1<?xml version="1.0" encoding="utf-8"?>
2<manifest xmlns:android="http://schemas.android.com/apk/res/android"
3    package="com.example.flutter_application_1"
4    android:versionCode="1"
5    android:versionName="1.0.0" >
6
7    <uses-sdk
8        android:minSdkVersion="16"
9        android:targetSdkVersion="30" />
10    <!--
11         Flutter needs it to communicate with the running application
12         to allow setting breakpoints, to provide hot reload, etc.
13    -->
14    <uses-permission android:name="android.permission.INTERNET" />
14-->src\main\AndroidManifest.xml:3:5-67
14-->src\main\AndroidManifest.xml:3:22-64
15
16    <queries>
16-->[:upi_india] AndroidManifest.xml:7:5-13:15
17        <intent>
17-->[:upi_india] AndroidManifest.xml:8:9-12:18
18            <action android:name="android.intent.action.VIEW" />
18-->[:upi_india] AndroidManifest.xml:9:13-65
18-->[:upi_india] AndroidManifest.xml:9:21-62
19
20            <data android:scheme="upi" />
20-->[:upi_india] AndroidManifest.xml:11:13-42
20-->[:upi_india] AndroidManifest.xml:11:19-39
21        </intent>
22    </queries>
23    <queries>
23-->[:upi_india] AndroidManifest.xml:7:5-13:15
24        <package android:name="com.lcode.allahabadupi" />
25        <package android:name="in.amazon.mShop.android.shopping" />
26        <package android:name="com.upi.axispay" />
27        <package android:name="com.bankofbaroda.upi" />
28        <package android:name="in.org.npci.upiapp" />
29        <package android:name="com.infra.boiupi" />
30        <package android:name="com.infrasofttech.centralbankupi" />
31        <package android:name="in.cointab.app" />
32        <package android:name="com.lcode.corpupi" />
33        <package android:name="com.lcode.csbupi" />
34        <package android:name="com.cub.wallet.gui" />
35        <package android:name="com.dbs.in.digitalbank" />
36        <package android:name="com.olive.dcb.upi" />
37        <package android:name="com.equitasbank.upi" />
38        <package android:name="com.finopaytech.bpayfino" />
39        <package android:name="com.freecharge.android" />
40        <package android:name="com.google.android.apps.nbu.paisa.user" />
41        <package android:name="com.mgs.hsbcupi" />
42        <package android:name="com.csam.icici.bank.imobile" />
43        <package android:name="com.mgs.induspsp" />
44        <package android:name="com.lcode.smartz" />
45        <package android:name="com.khaalijeb.inkdrops" />
46        <package android:name="com.msf.kbank.mobile" />
47        <package android:name="com.infrasofttech.mahaupi" />
48        <package android:name="com.mipay.in.wallet" />
49        <package android:name="com.mipay.wallet.in" />
50        <package android:name="com.mobikwik_new" />
51        <package android:name="com.mgs.obcbank" />
52        <package android:name="net.one97.paytm" />
53        <package android:name="com.idbibank.paywiz" />
54        <package android:name="com.enstage.wibmo.hdfc" />
55        <package android:name="com.phonepe.app" />
56        <package android:name="com.fss.pnbpsp" />
57        <package android:name="com.mobileware.upipsb" />
58        <package android:name="com.rblbank.upi" />
59        <package android:name="com.realmepay.payments" />
60        <package android:name="com.sbi.upi" />
61        <package android:name="com.truecaller" />
62        <package android:name="com.fss.unbipsp" />
63        <package android:name="com.fss.vijayapsp" />
64        <package android:name="com.YesBank" />
65    </queries>
66
67    <uses-permission android:name="android.permission.ACCESS_NETWORK_STATE" />
67-->[com.google.firebase:firebase-auth:21.0.1] AndroidManifest.xml:24:5-79
67-->[com.google.firebase:firebase-auth:21.0.1] AndroidManifest.xml:24:22-76
68    <uses-permission android:name="android.permission.WAKE_LOCK" />
68-->[com.google.android.gms:play-services-measurement-api:19.0.0] AndroidManifest.xml:24:5-68
68-->[com.google.android.gms:play-services-measurement-api:19.0.0] AndroidManifest.xml:24:22-65
69    <uses-permission android:name="com.google.android.finsky.permission.BIND_GET_INSTALL_REFERRER_SERVICE" />
69-->[com.google.android.gms:play-services-measurement:19.0.0] AndroidManifest.xml:26:5-110
69-->[com.google.android.gms:play-services-measurement:19.0.0] AndroidManifest.xml:26:22-107
70
71    <application
71-->src\main\AndroidManifest.xml:4:4-42:19
72        android:appComponentFactory="androidx.core.app.CoreComponentFactory"
72-->[androidx.core:core:1.1.0] AndroidManifest.xml:24:18-86
73        android:debuggable="true"
74        android:icon="@mipmap/ic_launcher"
74-->src\main\AndroidManifest.xml:6:9-43
75        android:label="Personal Expenses" >
75-->src\main\AndroidManifest.xml:5:9-42
76        <activity
76-->src\main\AndroidManifest.xml:8:9-36:20
77            android:name="com.example.flutter_application_1.MainActivity"
77-->src\main\AndroidManifest.xml:9:13-41
78            android:configChanges="orientation|keyboardHidden|keyboard|screenSize|smallestScreenSize|locale|layoutDirection|fontScale|screenLayout|density|uiMode"
78-->src\main\AndroidManifest.xml:12:13-163
79            android:hardwareAccelerated="true"
79-->src\main\AndroidManifest.xml:13:13-47
80            android:launchMode="singleTop"
80-->src\main\AndroidManifest.xml:10:13-43
81            android:theme="@style/LaunchTheme"
81-->src\main\AndroidManifest.xml:11:13-47
82            android:windowSoftInputMode="adjustResize" >
82-->src\main\AndroidManifest.xml:14:13-55
83
84            <!--
85                 Specifies an Android theme to apply to this Activity as soon as
86                 the Android process has started. This theme is visible to the user
87                 while the Flutter UI initializes. After that, this theme continues
88                 to determine the Window background behind the Flutter UI.
89            -->
90            <meta-data
90-->src\main\AndroidManifest.xml:19:13-22:17
91                android:name="io.flutter.embedding.android.NormalTheme"
91-->src\main\AndroidManifest.xml:20:15-70
92                android:resource="@style/NormalTheme" />
92-->src\main\AndroidManifest.xml:21:15-52
93            <!--
94                 Displays an Android View that continues showing the launch screen
95                 Drawable until Flutter paints its first frame, then this splash
96                 screen fades out. A splash screen is useful to avoid any visual
97                 gap between the end of Android's launch screen and the painting of
98                 Flutter's first frame.
99            -->
100            <meta-data
100-->src\main\AndroidManifest.xml:28:13-31:17
101                android:name="io.flutter.embedding.android.SplashScreenDrawable"
101-->src\main\AndroidManifest.xml:29:15-79
102                android:resource="@drawable/launch_background" />
102-->src\main\AndroidManifest.xml:30:15-61
103
104            <intent-filter>
104-->src\main\AndroidManifest.xml:32:13-35:29
105                <action android:name="android.intent.action.MAIN" />
105-->src\main\AndroidManifest.xml:33:17-68
105-->src\main\AndroidManifest.xml:33:25-66
106
107                <category android:name="android.intent.category.LAUNCHER" />
107-->src\main\AndroidManifest.xml:34:17-76
107-->src\main\AndroidManifest.xml:34:27-74
108            </intent-filter>
109        </activity>
110        <!--
111             Don't delete the meta-data below.
112             This is used by the Flutter tool to generate GeneratedPluginRegistrant.java
113        -->
114        <meta-data
114-->src\main\AndroidManifest.xml:39:9-41:33
115            android:name="flutterEmbedding"
115-->src\main\AndroidManifest.xml:40:13-44
116            android:value="2" />
116-->src\main\AndroidManifest.xml:41:13-30
117
118        <service
118-->[:firebase_auth] AndroidManifest.xml:8:9-12:19
119            android:name="com.google.firebase.components.ComponentDiscoveryService"
119-->[:firebase_auth] AndroidManifest.xml:8:18-89
120            android:directBootAware="true"
120-->[com.google.firebase:firebase-common:20.0.0] AndroidManifest.xml:35:13-43
121            android:exported="false" >
121-->[com.google.firebase:firebase-auth:21.0.1] AndroidManifest.xml:76:13-37
122            <meta-data
122-->[:firebase_auth] AndroidManifest.xml:9:13-11:85
123                android:name="com.google.firebase.components:io.flutter.plugins.firebase.auth.FlutterFirebaseAuthRegistrar"
123-->[:firebase_auth] AndroidManifest.xml:10:17-124
124                android:value="com.google.firebase.components.ComponentRegistrar" />
124-->[:firebase_auth] AndroidManifest.xml:11:17-82
125            <meta-data
125-->[:firebase_core] AndroidManifest.xml:9:13-11:85
126                android:name="com.google.firebase.components:io.flutter.plugins.firebase.core.FlutterFirebaseCoreRegistrar"
126-->[:firebase_core] AndroidManifest.xml:10:17-124
127                android:value="com.google.firebase.components.ComponentRegistrar" />
127-->[:firebase_core] AndroidManifest.xml:11:17-82
128            <meta-data
128-->[com.google.firebase:firebase-auth:21.0.1] AndroidManifest.xml:77:13-79:85
129                android:name="com.google.firebase.components:com.google.firebase.auth.FirebaseAuthRegistrar"
129-->[com.google.firebase:firebase-auth:21.0.1] AndroidManifest.xml:78:17-109
130                android:value="com.google.firebase.components.ComponentRegistrar" />
130-->[com.google.firebase:firebase-auth:21.0.1] AndroidManifest.xml:79:17-82
131            <meta-data
131-->[com.google.android.gms:play-services-measurement-api:19.0.0] AndroidManifest.xml:30:13-32:85
132                android:name="com.google.firebase.components:com.google.firebase.analytics.connector.internal.AnalyticsConnectorRegistrar"
132-->[com.google.android.gms:play-services-measurement-api:19.0.0] AndroidManifest.xml:31:17-139
133                android:value="com.google.firebase.components.ComponentRegistrar" />
133-->[com.google.android.gms:play-services-measurement-api:19.0.0] AndroidManifest.xml:32:17-82
134            <meta-data
134-->[com.google.firebase:firebase-installations:17.0.0] AndroidManifest.xml:18:13-20:85
135                android:name="com.google.firebase.components:com.google.firebase.installations.FirebaseInstallationsRegistrar"
135-->[com.google.firebase:firebase-installations:17.0.0] AndroidManifest.xml:19:17-127
136                android:value="com.google.firebase.components.ComponentRegistrar" />
136-->[com.google.firebase:firebase-installations:17.0.0] AndroidManifest.xml:20:17-82
137        </service>
138
139        <activity
139-->[com.google.firebase:firebase-auth:21.0.1] AndroidManifest.xml:27:9-44:20
140            android:name="com.google.firebase.auth.internal.GenericIdpActivity"
140-->[com.google.firebase:firebase-auth:21.0.1] AndroidManifest.xml:28:13-80
141            android:excludeFromRecents="true"
141-->[com.google.firebase:firebase-auth:21.0.1] AndroidManifest.xml:29:13-46
142            android:exported="true"
142-->[com.google.firebase:firebase-auth:21.0.1] AndroidManifest.xml:30:13-36
143            android:launchMode="singleTask"
143-->[com.google.firebase:firebase-auth:21.0.1] AndroidManifest.xml:31:13-44
144            android:theme="@android:style/Theme.Translucent.NoTitleBar" >
144-->[com.google.firebase:firebase-auth:21.0.1] AndroidManifest.xml:32:13-72
145            <intent-filter>
145-->[com.google.firebase:firebase-auth:21.0.1] AndroidManifest.xml:33:13-43:29
146                <action android:name="android.intent.action.VIEW" />
146-->[:upi_india] AndroidManifest.xml:9:13-65
146-->[:upi_india] AndroidManifest.xml:9:21-62
147
148                <category android:name="android.intent.category.DEFAULT" />
148-->[com.google.firebase:firebase-auth:21.0.1] AndroidManifest.xml:36:17-76
148-->[com.google.firebase:firebase-auth:21.0.1] AndroidManifest.xml:36:27-73
149                <category android:name="android.intent.category.BROWSABLE" />
149-->[com.google.firebase:firebase-auth:21.0.1] AndroidManifest.xml:37:17-78
149-->[com.google.firebase:firebase-auth:21.0.1] AndroidManifest.xml:37:27-75
150
151                <data
151-->[:upi_india] AndroidManifest.xml:11:13-42
152                    android:host="firebase.auth"
153                    android:path="/"
154                    android:scheme="genericidp" />
154-->[:upi_india] AndroidManifest.xml:11:19-39
155            </intent-filter>
156        </activity>
157        <activity
157-->[com.google.firebase:firebase-auth:21.0.1] AndroidManifest.xml:45:9-62:20
158            android:name="com.google.firebase.auth.internal.RecaptchaActivity"
158-->[com.google.firebase:firebase-auth:21.0.1] AndroidManifest.xml:46:13-79
159            android:excludeFromRecents="true"
159-->[com.google.firebase:firebase-auth:21.0.1] AndroidManifest.xml:47:13-46
160            android:exported="true"
160-->[com.google.firebase:firebase-auth:21.0.1] AndroidManifest.xml:48:13-36
161            android:launchMode="singleTask"
161-->[com.google.firebase:firebase-auth:21.0.1] AndroidManifest.xml:49:13-44
162            android:theme="@android:style/Theme.Translucent.NoTitleBar" >
162-->[com.google.firebase:firebase-auth:21.0.1] AndroidManifest.xml:50:13-72
163            <intent-filter>
163-->[com.google.firebase:firebase-auth:21.0.1] AndroidManifest.xml:51:13-61:29
164                <action android:name="android.intent.action.VIEW" />
164-->[:upi_india] AndroidManifest.xml:9:13-65
164-->[:upi_india] AndroidManifest.xml:9:21-62
165
166                <category android:name="android.intent.category.DEFAULT" />
166-->[com.google.firebase:firebase-auth:21.0.1] AndroidManifest.xml:36:17-76
166-->[com.google.firebase:firebase-auth:21.0.1] AndroidManifest.xml:36:27-73
167                <category android:name="android.intent.category.BROWSABLE" />
167-->[com.google.firebase:firebase-auth:21.0.1] AndroidManifest.xml:37:17-78
167-->[com.google.firebase:firebase-auth:21.0.1] AndroidManifest.xml:37:27-75
168
169                <data
169-->[:upi_india] AndroidManifest.xml:11:13-42
170                    android:host="firebase.auth"
171                    android:path="/"
172                    android:scheme="recaptcha" />
172-->[:upi_india] AndroidManifest.xml:11:19-39
173            </intent-filter>
174        </activity>
175
176        <service
176-->[com.google.firebase:firebase-auth:21.0.1] AndroidManifest.xml:64:9-73:19
177            android:name="com.google.firebase.auth.api.fallback.service.FirebaseAuthFallbackService"
177-->[com.google.firebase:firebase-auth:21.0.1] AndroidManifest.xml:65:13-101
178            android:enabled="true"
178-->[com.google.firebase:firebase-auth:21.0.1] AndroidManifest.xml:66:13-35
179            android:exported="false" >
179-->[com.google.firebase:firebase-auth:21.0.1] AndroidManifest.xml:67:13-37
180            <intent-filter>
180-->[com.google.firebase:firebase-auth:21.0.1] AndroidManifest.xml:68:13-72:29
181                <action android:name="com.google.firebase.auth.api.gms.service.START" />
181-->[com.google.firebase:firebase-auth:21.0.1] AndroidManifest.xml:69:17-89
181-->[com.google.firebase:firebase-auth:21.0.1] AndroidManifest.xml:69:25-86
182
183                <category android:name="android.intent.category.DEFAULT" />
183-->[com.google.firebase:firebase-auth:21.0.1] AndroidManifest.xml:36:17-76
183-->[com.google.firebase:firebase-auth:21.0.1] AndroidManifest.xml:36:27-73
184            </intent-filter>
185        </service>
186
187        <provider
187-->[com.google.firebase:firebase-common:20.0.0] AndroidManifest.xml:26:9-31:39
188            android:name="com.google.firebase.provider.FirebaseInitProvider"
188-->[com.google.firebase:firebase-common:20.0.0] AndroidManifest.xml:27:13-77
189            android:authorities="com.example.flutter_application_1.firebaseinitprovider"
189-->[com.google.firebase:firebase-common:20.0.0] AndroidManifest.xml:28:13-72
190            android:directBootAware="true"
190-->[com.google.firebase:firebase-common:20.0.0] AndroidManifest.xml:29:13-43
191            android:exported="false"
191-->[com.google.firebase:firebase-common:20.0.0] AndroidManifest.xml:30:13-37
192            android:initOrder="100" />
192-->[com.google.firebase:firebase-common:20.0.0] AndroidManifest.xml:31:13-36
193
194        <activity
194-->[com.google.android.gms:play-services-base:17.1.0] AndroidManifest.xml:23:9-26:75
195            android:name="com.google.android.gms.common.api.GoogleApiActivity"
195-->[com.google.android.gms:play-services-base:17.1.0] AndroidManifest.xml:24:13-79
196            android:exported="false"
196-->[com.google.android.gms:play-services-base:17.1.0] AndroidManifest.xml:25:13-37
197            android:theme="@android:style/Theme.Translucent.NoTitleBar" />
197-->[com.google.android.gms:play-services-base:17.1.0] AndroidManifest.xml:26:13-72
198
199        <receiver
199-->[com.google.android.gms:play-services-measurement:19.0.0] AndroidManifest.xml:29:9-33:20
200            android:name="com.google.android.gms.measurement.AppMeasurementReceiver"
200-->[com.google.android.gms:play-services-measurement:19.0.0] AndroidManifest.xml:30:13-85
201            android:enabled="true"
201-->[com.google.android.gms:play-services-measurement:19.0.0] AndroidManifest.xml:31:13-35
202            android:exported="false" >
202-->[com.google.android.gms:play-services-measurement:19.0.0] AndroidManifest.xml:32:13-37
203        </receiver>
204
205        <service
205-->[com.google.android.gms:play-services-measurement:19.0.0] AndroidManifest.xml:35:9-38:40
206            android:name="com.google.android.gms.measurement.AppMeasurementService"
206-->[com.google.android.gms:play-services-measurement:19.0.0] AndroidManifest.xml:36:13-84
207            android:enabled="true"
207-->[com.google.android.gms:play-services-measurement:19.0.0] AndroidManifest.xml:37:13-35
208            android:exported="false" />
208-->[com.google.android.gms:play-services-measurement:19.0.0] AndroidManifest.xml:38:13-37
209        <service
209-->[com.google.android.gms:play-services-measurement:19.0.0] AndroidManifest.xml:39:9-43:72
210            android:name="com.google.android.gms.measurement.AppMeasurementJobService"
210-->[com.google.android.gms:play-services-measurement:19.0.0] AndroidManifest.xml:40:13-87
211            android:enabled="true"
211-->[com.google.android.gms:play-services-measurement:19.0.0] AndroidManifest.xml:41:13-35
212            android:exported="false"
212-->[com.google.android.gms:play-services-measurement:19.0.0] AndroidManifest.xml:42:13-37
213            android:permission="android.permission.BIND_JOB_SERVICE" />
213-->[com.google.android.gms:play-services-measurement:19.0.0] AndroidManifest.xml:43:13-69
214
215        <meta-data
215-->[com.google.android.gms:play-services-basement:17.1.0] AndroidManifest.xml:23:9-25:69
216            android:name="com.google.android.gms.version"
216-->[com.google.android.gms:play-services-basement:17.1.0] AndroidManifest.xml:24:13-58
217            android:value="@integer/google_play_services_version" />
217-->[com.google.android.gms:play-services-basement:17.1.0] AndroidManifest.xml:25:13-66
218    </application>
219
220</manifest>